#-----------------------------------------------------------
# Vivado v2019.1 (64-bit)
# SW Build 2552052 on Fri May 24 14:49:42 MDT 2019
# IP Build 2548770 on Fri May 24 18:01:18 MDT 2019
# Start of session at: Wed Jul 22 20:03:46 2020
# Process ID: 14416
# Current directory: D:/All/Software/ZZ-Hardware/80-Vivado/01-PROJECT/0002-GPIO_int
# Command line: vivado.exe -gui_launcher_event rodinguilauncherevent14384 D:\All\Software\ZZ-Hardware\80-Vivado\01-PROJECT\0002-GPIO_int\GPIO_int_NEW.xpr
# Log file: D:/All/Software/ZZ-Hardware/80-Vivado/01-PROJECT/0002-GPIO_int/vivado.log
# Journal file: D:/All/Software/ZZ-Hardware/80-Vivado/01-PROJECT/0002-GPIO_int\vivado.jou
#-----------------------------------------------------------
start_gui
open_project D:/All/Software/ZZ-Hardware/80-Vivado/01-PROJECT/0002-GPIO_int/GPIO_int_NEW.xpr
INFO: [Project 1-313] Project file moved from 'G:/Examples/GPIO_int_NEW' since last save.
Scanning sources...
Finished scanning sources
WARNING: [filemgmt 56-3] Board Part Repository Path: Could not find the directory 'C:/Users/SAEID/AppData/Roaming/Xilinx/Vivado/2019.1/xhub/board_store'.
INFO: [IP_Flow 19-234] Refreshing IP repositories
INFO: [IP_Flow 19-1704] No user IP repositories specified
INFO: [IP_Flow 19-2313] Loaded Vivado IP repository 'D:/Xilinx/Vivado/2019.1/data/ip'.
WARNING: [IP_Flow 19-3664] IP 'hw_processing_system7_0_0' generated file not found 'd:/All/Software/ZZ-Hardware/80-Vivado/01-PROJECT/0002-GPIO_int/GPIO_int_NEW.srcs/sources_1/bd/hw/ipshared/8fd3/hdl/verilog/processing_system7_v5_5_aw_atc.v'. Please regenerate to continue.
WARNING: [IP_Flow 19-3664] IP 'hw_processing_system7_0_0' generated file not found 'd:/All/Software/ZZ-Hardware/80-Vivado/01-PROJECT/0002-GPIO_int/GPIO_int_NEW.srcs/sources_1/bd/hw/ipshared/8fd3/hdl/verilog/processing_system7_v5_5_b_atc.v'. Please regenerate to continue.
WARNING: [IP_Flow 19-3664] IP 'hw_processing_system7_0_0' generated file not found 'd:/All/Software/ZZ-Hardware/80-Vivado/01-PROJECT/0002-GPIO_int/GPIO_int_NEW.srcs/sources_1/bd/hw/ipshared/8fd3/hdl/verilog/processing_system7_v5_5_w_atc.v'. Please regenerate to continue.
WARNING: [IP_Flow 19-3664] IP 'hw_processing_system7_0_0' generated file not found 'd:/All/Software/ZZ-Hardware/80-Vivado/01-PROJECT/0002-GPIO_int/GPIO_int_NEW.srcs/sources_1/bd/hw/ipshared/8fd3/hdl/verilog/processing_system7_v5_5_atc.v'. Please regenerate to continue.
WARNING: [IP_Flow 19-3664] IP 'hw_processing_system7_0_0' generated file not found 'd:/All/Software/ZZ-Hardware/80-Vivado/01-PROJECT/0002-GPIO_int/GPIO_int_NEW.srcs/sources_1/bd/hw/ipshared/8fd3/hdl/verilog/processing_system7_v5_5_trace_buffer.v'. Please regenerate to continue.
open_project: Time (s): cpu = 00:00:16 ; elapsed = 00:00:08 . Memory (MB): peak = 842.113 ; gain = 168.367
update_compile_order -fileset sources_1
INFO: [Vivado 12-4158] Exported Hardware file is out of date. Exported hardware information may be inconsistent with respect to the current state of the design. It is recommended that you re-export the design and launch SDK otherwise SDK is launched with out of date hardware system file.
launch_sdk -workspace D:/All/Software/ZZ-Hardware/80-Vivado/01-PROJECT/0002-GPIO_int/GPIO_int_NEW.sdk -hwspec D:/All/Software/ZZ-Hardware/80-Vivado/01-PROJECT/0002-GPIO_int/GPIO_int_NEW.sdk/hw_wrapper.hdf
INFO: [Vivado 12-393] Launching SDK...
INFO: [Vivado 12-417] Running xsdk -workspace D:/All/Software/ZZ-Hardware/80-Vivado/01-PROJECT/0002-GPIO_int/GPIO_int_NEW.sdk -hwspec D:/All/Software/ZZ-Hardware/80-Vivado/01-PROJECT/0002-GPIO_int/GPIO_int_NEW.sdk/hw_wrapper.hdf
INFO: [Vivado 12-3157] SDK launch initiated. Please check console for any further messages.
exit
INFO: [Common 17-206] Exiting Vivado at Wed Jul 22 20:05:11 2020...
