14:45:33 INFO  : Registering command handlers for SDK TCF services
14:45:39 INFO  : Launching XSCT server: xsct.bat -interactive G:\Examples\GPIO_int_NEW\GPIO_int_NEW.sdk\temp_xsdb_launch_script.tcl
14:46:00 INFO  : XSCT server has started successfully.
14:46:04 INFO  : Successfully done setting XSCT server connection channel  
14:46:04 INFO  : Successfully done setting SDK workspace  
14:46:04 INFO  : Processing command line option -hwspec G:/Examples/GPIO_int_NEW/GPIO_int_NEW.sdk/hw_wrapper.hdf.
14:53:25 INFO  : 'targets -set -filter {jtag_cable_name =~ "Digilent JTAG-HS2 2102599A2129" && level==0} -index 1' command is executed.
14:53:25 INFO  : 'fpga -state' command is executed.
14:53:25 INFO  : Connected to target on host '127.0.0.1' and port '3121'.
14:53:25 INFO  : Jtag cable 'Digilent JTAG-HS2 2102599A2129' is selected.
14:53:25 INFO  : 'jtag frequency' command is executed.
14:53:25 INFO  : Sourcing of 'G:/Examples/GPIO_int_NEW/GPIO_int_NEW.sdk/hw_wrapper_hw_platform_0/ps7_init.tcl' is done.
14:53:25 INFO  : Context for 'APU' is selected.
14:53:25 INFO  : Hardware design information is loaded from 'G:/Examples/GPIO_int_NEW/GPIO_int_NEW.sdk/hw_wrapper_hw_platform_0/system.hdf'.
14:53:25 INFO  : 'configparams force-mem-access 1' command is executed.
14:53:25 INFO  : Context for 'APU' is selected.
14:53:25 INFO  : 'stop' command is executed.
14:53:26 INFO  : 'ps7_init' command is executed.
14:53:26 INFO  : 'ps7_post_config' command is executed.
14:53:26 INFO  : Context for processor 'ps7_cortexa9_0' is selected.
14:53:26 INFO  : Processor reset is completed for 'ps7_cortexa9_0'.
14:53:26 INFO  : Context for processor 'ps7_cortexa9_0' is selected.
14:53:26 INFO  : The application 'G:/Examples/GPIO_int_NEW/GPIO_int_NEW.sdk/gpio/Debug/gpio.elf' is downloaded to processor 'ps7_cortexa9_0'.
14:53:26 INFO  : 'configparams force-mem-access 0' command is executed.
14:53:26 INFO  : ----------------XSDB Script----------------
connect -url tcp:127.0.0.1:3121
source G:/Examples/GPIO_int_NEW/GPIO_int_NEW.sdk/hw_wrapper_hw_platform_0/ps7_init.tcl
targets -set -nocase -filter {name =~"APU*" && jtag_cable_name =~ "Digilent JTAG-HS2 2102599A2129"} -index 0
loadhw -hw G:/Examples/GPIO_int_NEW/GPIO_int_NEW.sdk/hw_wrapper_hw_platform_0/system.hdf -mem-ranges [list {0x40000000 0xbfffffff}]
configparams force-mem-access 1
targets -set -nocase -filter {name =~"APU*" && jtag_cable_name =~ "Digilent JTAG-HS2 2102599A2129"} -index 0
stop
ps7_init
ps7_post_config
targets -set -nocase -filter {name =~ "ARM*#0" && jtag_cable_name =~ "Digilent JTAG-HS2 2102599A2129"} -index 0
rst -processor
targets -set -nocase -filter {name =~ "ARM*#0" && jtag_cable_name =~ "Digilent JTAG-HS2 2102599A2129"} -index 0
dow G:/Examples/GPIO_int_NEW/GPIO_int_NEW.sdk/gpio/Debug/gpio.elf
configparams force-mem-access 0
----------------End of Script----------------

14:53:26 INFO  : Context for processor 'ps7_cortexa9_0' is selected.
14:53:26 INFO  : 'con' command is executed.
14:53:26 INFO  : ----------------XSDB Script (After Launch)----------------
targets -set -nocase -filter {name =~ "ARM*#0" && jtag_cable_name =~ "Digilent JTAG-HS2 2102599A2129"} -index 0
con
----------------End of Script----------------

14:53:26 INFO  : Disconnected from the channel tcfchan#1.
14:58:23 INFO  : 'targets -set -filter {jtag_cable_name =~ "Digilent JTAG-HS2 2102599A2129" && level==0} -index 1' command is executed.
14:58:23 INFO  : 'fpga -state' command is executed.
14:58:23 INFO  : Connected to target on host '127.0.0.1' and port '3121'.
14:58:23 INFO  : Jtag cable 'Digilent JTAG-HS2 2102599A2129' is selected.
14:58:24 INFO  : 'jtag frequency' command is executed.
14:58:24 INFO  : Sourcing of 'G:/Examples/GPIO_int_NEW/GPIO_int_NEW.sdk/hw_wrapper_hw_platform_0/ps7_init.tcl' is done.
14:58:24 INFO  : Context for 'APU' is selected.
14:58:25 INFO  : Hardware design information is loaded from 'G:/Examples/GPIO_int_NEW/GPIO_int_NEW.sdk/hw_wrapper_hw_platform_0/system.hdf'.
14:58:25 INFO  : 'configparams force-mem-access 1' command is executed.
14:58:25 INFO  : Context for 'APU' is selected.
14:58:25 INFO  : 'stop' command is executed.
14:58:26 INFO  : 'ps7_init' command is executed.
14:58:26 INFO  : 'ps7_post_config' command is executed.
14:58:26 INFO  : Context for processor 'ps7_cortexa9_0' is selected.
14:58:26 INFO  : Processor reset is completed for 'ps7_cortexa9_0'.
14:58:26 INFO  : Context for processor 'ps7_cortexa9_0' is selected.
14:58:26 INFO  : The application 'G:/Examples/GPIO_int_NEW/GPIO_int_NEW.sdk/gpio/Debug/gpio.elf' is downloaded to processor 'ps7_cortexa9_0'.
14:58:26 INFO  : 'configparams force-mem-access 0' command is executed.
14:58:26 INFO  : ----------------XSDB Script----------------
connect -url tcp:127.0.0.1:3121
source G:/Examples/GPIO_int_NEW/GPIO_int_NEW.sdk/hw_wrapper_hw_platform_0/ps7_init.tcl
targets -set -nocase -filter {name =~"APU*" && jtag_cable_name =~ "Digilent JTAG-HS2 2102599A2129"} -index 0
loadhw -hw G:/Examples/GPIO_int_NEW/GPIO_int_NEW.sdk/hw_wrapper_hw_platform_0/system.hdf -mem-ranges [list {0x40000000 0xbfffffff}]
configparams force-mem-access 1
targets -set -nocase -filter {name =~"APU*" && jtag_cable_name =~ "Digilent JTAG-HS2 2102599A2129"} -index 0
stop
ps7_init
ps7_post_config
targets -set -nocase -filter {name =~ "ARM*#0" && jtag_cable_name =~ "Digilent JTAG-HS2 2102599A2129"} -index 0
rst -processor
targets -set -nocase -filter {name =~ "ARM*#0" && jtag_cable_name =~ "Digilent JTAG-HS2 2102599A2129"} -index 0
dow G:/Examples/GPIO_int_NEW/GPIO_int_NEW.sdk/gpio/Debug/gpio.elf
configparams force-mem-access 0
----------------End of Script----------------

14:58:26 INFO  : Context for processor 'ps7_cortexa9_0' is selected.
14:58:26 INFO  : 'con' command is executed.
14:58:26 INFO  : ----------------XSDB Script (After Launch)----------------
targets -set -nocase -filter {name =~ "ARM*#0" && jtag_cable_name =~ "Digilent JTAG-HS2 2102599A2129"} -index 0
con
----------------End of Script----------------

14:58:26 INFO  : Disconnected from the channel tcfchan#2.
14:58:51 INFO  : Connected to target on host '127.0.0.1' and port '3121'.
14:58:51 INFO  : 'targets -set -filter {jtag_cable_name =~ "Digilent JTAG-HS2 2102599A2129" && level==0} -index 1' command is executed.
14:58:54 INFO  : FPGA configured successfully with bitstream "G:/Examples/GPIO_int_NEW/GPIO_int_NEW.sdk/hw_wrapper_hw_platform_0/hw_wrapper.bit"
14:59:24 INFO  : 'targets -set -filter {jtag_cable_name =~ "Digilent JTAG-HS2 2102599A2129" && level==0} -index 1' command is executed.
14:59:24 INFO  : 'fpga -state' command is executed.
14:59:24 INFO  : Connected to target on host '127.0.0.1' and port '3121'.
14:59:25 INFO  : Jtag cable 'Digilent JTAG-HS2 2102599A2129' is selected.
14:59:25 INFO  : 'jtag frequency' command is executed.
14:59:25 INFO  : Sourcing of 'G:/Examples/GPIO_int_NEW/GPIO_int_NEW.sdk/hw_wrapper_hw_platform_0/ps7_init.tcl' is done.
14:59:25 INFO  : Context for 'APU' is selected.
14:59:25 INFO  : Hardware design information is loaded from 'G:/Examples/GPIO_int_NEW/GPIO_int_NEW.sdk/hw_wrapper_hw_platform_0/system.hdf'.
14:59:25 INFO  : 'configparams force-mem-access 1' command is executed.
14:59:25 INFO  : Context for 'APU' is selected.
14:59:25 INFO  : 'stop' command is executed.
14:59:25 INFO  : 'ps7_init' command is executed.
14:59:25 INFO  : 'ps7_post_config' command is executed.
14:59:26 INFO  : Context for processor 'ps7_cortexa9_0' is selected.
14:59:26 INFO  : Processor reset is completed for 'ps7_cortexa9_0'.
14:59:26 INFO  : Context for processor 'ps7_cortexa9_0' is selected.
14:59:26 INFO  : The application 'G:/Examples/GPIO_int_NEW/GPIO_int_NEW.sdk/gpio/Debug/gpio.elf' is downloaded to processor 'ps7_cortexa9_0'.
14:59:26 INFO  : 'configparams force-mem-access 0' command is executed.
14:59:26 INFO  : ----------------XSDB Script----------------
connect -url tcp:127.0.0.1:3121
source G:/Examples/GPIO_int_NEW/GPIO_int_NEW.sdk/hw_wrapper_hw_platform_0/ps7_init.tcl
targets -set -nocase -filter {name =~"APU*" && jtag_cable_name =~ "Digilent JTAG-HS2 2102599A2129"} -index 0
loadhw -hw G:/Examples/GPIO_int_NEW/GPIO_int_NEW.sdk/hw_wrapper_hw_platform_0/system.hdf -mem-ranges [list {0x40000000 0xbfffffff}]
configparams force-mem-access 1
targets -set -nocase -filter {name =~"APU*" && jtag_cable_name =~ "Digilent JTAG-HS2 2102599A2129"} -index 0
stop
ps7_init
ps7_post_config
targets -set -nocase -filter {name =~ "ARM*#0" && jtag_cable_name =~ "Digilent JTAG-HS2 2102599A2129"} -index 0
rst -processor
targets -set -nocase -filter {name =~ "ARM*#0" && jtag_cable_name =~ "Digilent JTAG-HS2 2102599A2129"} -index 0
dow G:/Examples/GPIO_int_NEW/GPIO_int_NEW.sdk/gpio/Debug/gpio.elf
configparams force-mem-access 0
----------------End of Script----------------

14:59:26 INFO  : Context for processor 'ps7_cortexa9_0' is selected.
14:59:26 INFO  : 'con' command is executed.
14:59:26 INFO  : ----------------XSDB Script (After Launch)----------------
targets -set -nocase -filter {name =~ "ARM*#0" && jtag_cable_name =~ "Digilent JTAG-HS2 2102599A2129"} -index 0
con
----------------End of Script----------------

14:59:26 INFO  : Disconnected from the channel tcfchan#3.
14:59:31 INFO  : 'targets -set -filter {jtag_cable_name =~ "Digilent JTAG-HS2 2102599A2129" && level==0} -index 1' command is executed.
14:59:31 INFO  : 'fpga -state' command is executed.
14:59:33 INFO  : Connected to target on host '127.0.0.1' and port '3121'.
14:59:34 INFO  : Jtag cable 'Digilent JTAG-HS2 2102599A2129' is selected.
14:59:34 INFO  : 'jtag frequency' command is executed.
14:59:34 INFO  : Sourcing of 'G:/Examples/GPIO_int_NEW/GPIO_int_NEW.sdk/hw_wrapper_hw_platform_0/ps7_init.tcl' is done.
14:59:34 INFO  : Context for 'APU' is selected.
14:59:36 INFO  : Hardware design information is loaded from 'G:/Examples/GPIO_int_NEW/GPIO_int_NEW.sdk/hw_wrapper_hw_platform_0/system.hdf'.
14:59:36 INFO  : 'configparams force-mem-access 1' command is executed.
14:59:36 INFO  : Context for 'APU' is selected.
14:59:36 INFO  : 'stop' command is executed.
14:59:36 INFO  : 'ps7_init' command is executed.
14:59:36 INFO  : 'ps7_post_config' command is executed.
14:59:36 INFO  : Context for processor 'ps7_cortexa9_0' is selected.
14:59:36 INFO  : Processor reset is completed for 'ps7_cortexa9_0'.
14:59:36 INFO  : Context for processor 'ps7_cortexa9_0' is selected.
14:59:36 INFO  : The application 'G:/Examples/GPIO_int_NEW/GPIO_int_NEW.sdk/gpio/Debug/gpio.elf' is downloaded to processor 'ps7_cortexa9_0'.
14:59:36 INFO  : 'configparams force-mem-access 0' command is executed.
14:59:36 INFO  : ----------------XSDB Script----------------
connect -url tcp:127.0.0.1:3121
source G:/Examples/GPIO_int_NEW/GPIO_int_NEW.sdk/hw_wrapper_hw_platform_0/ps7_init.tcl
targets -set -nocase -filter {name =~"APU*" && jtag_cable_name =~ "Digilent JTAG-HS2 2102599A2129"} -index 0
loadhw -hw G:/Examples/GPIO_int_NEW/GPIO_int_NEW.sdk/hw_wrapper_hw_platform_0/system.hdf -mem-ranges [list {0x40000000 0xbfffffff}]
configparams force-mem-access 1
targets -set -nocase -filter {name =~"APU*" && jtag_cable_name =~ "Digilent JTAG-HS2 2102599A2129"} -index 0
stop
ps7_init
ps7_post_config
targets -set -nocase -filter {name =~ "ARM*#0" && jtag_cable_name =~ "Digilent JTAG-HS2 2102599A2129"} -index 0
rst -processor
targets -set -nocase -filter {name =~ "ARM*#0" && jtag_cable_name =~ "Digilent JTAG-HS2 2102599A2129"} -index 0
dow G:/Examples/GPIO_int_NEW/GPIO_int_NEW.sdk/gpio/Debug/gpio.elf
configparams force-mem-access 0
----------------End of Script----------------

14:59:36 INFO  : Context for processor 'ps7_cortexa9_0' is selected.
14:59:36 INFO  : 'con' command is executed.
14:59:36 INFO  : ----------------XSDB Script (After Launch)----------------
targets -set -nocase -filter {name =~ "ARM*#0" && jtag_cable_name =~ "Digilent JTAG-HS2 2102599A2129"} -index 0
con
----------------End of Script----------------

14:59:36 INFO  : Disconnected from the channel tcfchan#4.
14:59:53 INFO  : Connected to target on host '127.0.0.1' and port '3121'.
14:59:54 INFO  : Jtag cable 'Digilent JTAG-HS2 2102599A2129' is selected.
14:59:54 INFO  : 'jtag frequency' command is executed.
14:59:54 INFO  : Sourcing of 'G:/Examples/GPIO_int_NEW/GPIO_int_NEW.sdk/hw_wrapper_hw_platform_0/ps7_init.tcl' is done.
14:59:54 INFO  : Context for 'APU' is selected.
14:59:54 INFO  : System reset is completed.
14:59:57 INFO  : 'after 3000' command is executed.
14:59:57 INFO  : 'targets -set -filter {jtag_cable_name =~ "Digilent JTAG-HS2 2102599A2129" && level==0} -index 1' command is executed.
15:00:01 INFO  : FPGA configured successfully with bitstream "G:/Examples/GPIO_int_NEW/GPIO_int_NEW.sdk/hw_wrapper_hw_platform_0/hw_wrapper.bit"
15:00:01 INFO  : Context for 'APU' is selected.
15:00:03 INFO  : Hardware design information is loaded from 'G:/Examples/GPIO_int_NEW/GPIO_int_NEW.sdk/hw_wrapper_hw_platform_0/system.hdf'.
15:00:03 INFO  : 'configparams force-mem-access 1' command is executed.
15:00:03 INFO  : Context for 'APU' is selected.
15:00:03 INFO  : 'ps7_init' command is executed.
15:00:03 INFO  : 'ps7_post_config' command is executed.
15:00:03 INFO  : Context for processor 'ps7_cortexa9_0' is selected.
15:00:04 INFO  : The application 'G:/Examples/GPIO_int_NEW/GPIO_int_NEW.sdk/gpio/Debug/gpio.elf' is downloaded to processor 'ps7_cortexa9_0'.
15:00:04 INFO  : 'configparams force-mem-access 0' command is executed.
15:00:04 INFO  : ----------------XSDB Script----------------
connect -url tcp:127.0.0.1:3121
source G:/Examples/GPIO_int_NEW/GPIO_int_NEW.sdk/hw_wrapper_hw_platform_0/ps7_init.tcl
targets -set -nocase -filter {name =~"APU*" && jtag_cable_name =~ "Digilent JTAG-HS2 2102599A2129"} -index 0
rst -system
after 3000
targets -set -filter {jtag_cable_name =~ "Digilent JTAG-HS2 2102599A2129" && level==0} -index 1
fpga -file G:/Examples/GPIO_int_NEW/GPIO_int_NEW.sdk/hw_wrapper_hw_platform_0/hw_wrapper.bit
targets -set -nocase -filter {name =~"APU*" && jtag_cable_name =~ "Digilent JTAG-HS2 2102599A2129"} -index 0
loadhw -hw G:/Examples/GPIO_int_NEW/GPIO_int_NEW.sdk/hw_wrapper_hw_platform_0/system.hdf -mem-ranges [list {0x40000000 0xbfffffff}]
configparams force-mem-access 1
targets -set -nocase -filter {name =~"APU*" && jtag_cable_name =~ "Digilent JTAG-HS2 2102599A2129"} -index 0
ps7_init
ps7_post_config
targets -set -nocase -filter {name =~ "ARM*#0" && jtag_cable_name =~ "Digilent JTAG-HS2 2102599A2129"} -index 0
dow G:/Examples/GPIO_int_NEW/GPIO_int_NEW.sdk/gpio/Debug/gpio.elf
configparams force-mem-access 0
----------------End of Script----------------

15:00:04 INFO  : Context for processor 'ps7_cortexa9_0' is selected.
15:00:04 INFO  : 'con' command is executed.
15:00:04 INFO  : ----------------XSDB Script (After Launch)----------------
targets -set -nocase -filter {name =~ "ARM*#0" && jtag_cable_name =~ "Digilent JTAG-HS2 2102599A2129"} -index 0
con
----------------End of Script----------------

15:00:04 INFO  : Disconnected from the channel tcfchan#5.
15:01:28 INFO  : Connected to target on host '127.0.0.1' and port '3121'.
15:01:29 INFO  : 'targets -set -filter {jtag_cable_name =~ "Digilent JTAG-HS2 2102599A2129" && level==0} -index 1' command is executed.
15:01:32 INFO  : FPGA configured successfully with bitstream "G:/Examples/GPIO_int_NEW/GPIO_int_NEW.sdk/hw_wrapper_hw_platform_0/hw_wrapper.bit"
15:02:11 INFO  : Connected to target on host '127.0.0.1' and port '3121'.
15:02:11 INFO  : Jtag cable 'Digilent JTAG-HS2 2102599A2129' is selected.
15:02:11 INFO  : 'jtag frequency' command is executed.
15:02:11 INFO  : Sourcing of 'G:/Examples/GPIO_int_NEW/GPIO_int_NEW.sdk/hw_wrapper_hw_platform_0/ps7_init.tcl' is done.
15:02:12 INFO  : Context for 'APU' is selected.
15:02:12 INFO  : System reset is completed.
15:02:15 INFO  : 'after 3000' command is executed.
15:02:15 INFO  : 'targets -set -filter {jtag_cable_name =~ "Digilent JTAG-HS2 2102599A2129" && level==0} -index 1' command is executed.
15:02:18 INFO  : FPGA configured successfully with bitstream "G:/Examples/GPIO_int_NEW/GPIO_int_NEW.sdk/hw_wrapper_hw_platform_0/hw_wrapper.bit"
15:02:18 INFO  : Context for 'APU' is selected.
15:02:18 INFO  : Hardware design information is loaded from 'G:/Examples/GPIO_int_NEW/GPIO_int_NEW.sdk/hw_wrapper_hw_platform_0/system.hdf'.
15:02:18 INFO  : 'configparams force-mem-access 1' command is executed.
15:02:18 INFO  : Context for 'APU' is selected.
15:02:19 INFO  : 'ps7_init' command is executed.
15:02:19 INFO  : 'ps7_post_config' command is executed.
15:02:19 INFO  : Context for processor 'ps7_cortexa9_0' is selected.
15:02:19 INFO  : The application 'G:/Examples/GPIO_int_NEW/GPIO_int_NEW.sdk/gpio/Debug/gpio.elf' is downloaded to processor 'ps7_cortexa9_0'.
15:02:19 INFO  : 'configparams force-mem-access 0' command is executed.
15:02:19 INFO  : ----------------XSDB Script----------------
connect -url tcp:127.0.0.1:3121
source G:/Examples/GPIO_int_NEW/GPIO_int_NEW.sdk/hw_wrapper_hw_platform_0/ps7_init.tcl
targets -set -nocase -filter {name =~"APU*" && jtag_cable_name =~ "Digilent JTAG-HS2 2102599A2129"} -index 0
rst -system
after 3000
targets -set -filter {jtag_cable_name =~ "Digilent JTAG-HS2 2102599A2129" && level==0} -index 1
fpga -file G:/Examples/GPIO_int_NEW/GPIO_int_NEW.sdk/hw_wrapper_hw_platform_0/hw_wrapper.bit
targets -set -nocase -filter {name =~"APU*" && jtag_cable_name =~ "Digilent JTAG-HS2 2102599A2129"} -index 0
loadhw -hw G:/Examples/GPIO_int_NEW/GPIO_int_NEW.sdk/hw_wrapper_hw_platform_0/system.hdf -mem-ranges [list {0x40000000 0xbfffffff}]
configparams force-mem-access 1
targets -set -nocase -filter {name =~"APU*" && jtag_cable_name =~ "Digilent JTAG-HS2 2102599A2129"} -index 0
ps7_init
ps7_post_config
targets -set -nocase -filter {name =~ "ARM*#0" && jtag_cable_name =~ "Digilent JTAG-HS2 2102599A2129"} -index 0
dow G:/Examples/GPIO_int_NEW/GPIO_int_NEW.sdk/gpio/Debug/gpio.elf
configparams force-mem-access 0
----------------End of Script----------------

15:02:19 INFO  : Context for processor 'ps7_cortexa9_0' is selected.
15:02:19 INFO  : 'con' command is executed.
15:02:19 INFO  : ----------------XSDB Script (After Launch)----------------
targets -set -nocase -filter {name =~ "ARM*#0" && jtag_cable_name =~ "Digilent JTAG-HS2 2102599A2129"} -index 0
con
----------------End of Script----------------

15:02:19 INFO  : Disconnected from the channel tcfchan#6.
15:02:50 INFO  : Connected to target on host '127.0.0.1' and port '3121'.
15:03:01 INFO  : Connected to target on host '127.0.0.1' and port '3121'.
15:03:01 INFO  : 'targets -set -filter {jtag_cable_name =~ "Digilent JTAG-HS2 2102599A2129" && level==0} -index 1' command is executed.
15:03:05 INFO  : FPGA configured successfully with bitstream "G:/Examples/GPIO_int_NEW/GPIO_int_NEW.sdk/hw_wrapper_hw_platform_0/hw_wrapper.bit"
15:03:20 INFO  : Connected to target on host '127.0.0.1' and port '3121'.
15:03:20 INFO  : Jtag cable 'Digilent JTAG-HS2 2102599A2129' is selected.
15:03:20 INFO  : 'jtag frequency' command is executed.
15:03:20 INFO  : Sourcing of 'G:/Examples/GPIO_int_NEW/GPIO_int_NEW.sdk/hw_wrapper_hw_platform_0/ps7_init.tcl' is done.
15:03:20 INFO  : Context for 'APU' is selected.
15:03:20 INFO  : System reset is completed.
15:03:23 INFO  : 'after 3000' command is executed.
15:03:23 INFO  : 'targets -set -filter {jtag_cable_name =~ "Digilent JTAG-HS2 2102599A2129" && level==0} -index 1' command is executed.
15:03:27 INFO  : FPGA configured successfully with bitstream "G:/Examples/GPIO_int_NEW/GPIO_int_NEW.sdk/hw_wrapper_hw_platform_0/hw_wrapper.bit"
15:03:27 INFO  : Context for 'APU' is selected.
15:03:27 INFO  : Hardware design information is loaded from 'G:/Examples/GPIO_int_NEW/GPIO_int_NEW.sdk/hw_wrapper_hw_platform_0/system.hdf'.
15:03:27 INFO  : 'configparams force-mem-access 1' command is executed.
15:03:27 INFO  : Context for 'APU' is selected.
15:03:27 INFO  : 'ps7_init' command is executed.
15:03:27 INFO  : 'ps7_post_config' command is executed.
15:03:27 INFO  : Context for processor 'ps7_cortexa9_0' is selected.
15:03:28 INFO  : The application 'G:/Examples/GPIO_int_NEW/GPIO_int_NEW.sdk/gpio/Debug/gpio.elf' is downloaded to processor 'ps7_cortexa9_0'.
15:03:28 INFO  : 'configparams force-mem-access 0' command is executed.
15:03:28 INFO  : ----------------XSDB Script----------------
connect -url tcp:127.0.0.1:3121
source G:/Examples/GPIO_int_NEW/GPIO_int_NEW.sdk/hw_wrapper_hw_platform_0/ps7_init.tcl
targets -set -nocase -filter {name =~"APU*" && jtag_cable_name =~ "Digilent JTAG-HS2 2102599A2129"} -index 0
rst -system
after 3000
targets -set -filter {jtag_cable_name =~ "Digilent JTAG-HS2 2102599A2129" && level==0} -index 1
fpga -file G:/Examples/GPIO_int_NEW/GPIO_int_NEW.sdk/hw_wrapper_hw_platform_0/hw_wrapper.bit
targets -set -nocase -filter {name =~"APU*" && jtag_cable_name =~ "Digilent JTAG-HS2 2102599A2129"} -index 0
loadhw -hw G:/Examples/GPIO_int_NEW/GPIO_int_NEW.sdk/hw_wrapper_hw_platform_0/system.hdf -mem-ranges [list {0x40000000 0xbfffffff}]
configparams force-mem-access 1
targets -set -nocase -filter {name =~"APU*" && jtag_cable_name =~ "Digilent JTAG-HS2 2102599A2129"} -index 0
ps7_init
ps7_post_config
targets -set -nocase -filter {name =~ "ARM*#0" && jtag_cable_name =~ "Digilent JTAG-HS2 2102599A2129"} -index 0
dow G:/Examples/GPIO_int_NEW/GPIO_int_NEW.sdk/gpio/Debug/gpio.elf
configparams force-mem-access 0
----------------End of Script----------------

15:03:28 INFO  : Context for processor 'ps7_cortexa9_0' is selected.
15:03:28 INFO  : 'con' command is executed.
15:03:28 INFO  : ----------------XSDB Script (After Launch)----------------
targets -set -nocase -filter {name =~ "ARM*#0" && jtag_cable_name =~ "Digilent JTAG-HS2 2102599A2129"} -index 0
con
----------------End of Script----------------

15:03:28 INFO  : Disconnected from the channel tcfchan#7.
15:04:39 INFO  : Connected to target on host '127.0.0.1' and port '3121'.
15:04:39 INFO  : Jtag cable 'Digilent JTAG-HS2 2102599A2129' is selected.
15:04:39 INFO  : 'jtag frequency' command is executed.
15:04:39 INFO  : Sourcing of 'G:/Examples/GPIO_int_NEW/GPIO_int_NEW.sdk/hw_wrapper_hw_platform_0/ps7_init.tcl' is done.
15:04:39 INFO  : Context for 'APU' is selected.
15:04:40 INFO  : System reset is completed.
15:04:43 INFO  : 'after 3000' command is executed.
15:04:43 INFO  : 'targets -set -filter {jtag_cable_name =~ "Digilent JTAG-HS2 2102599A2129" && level==0} -index 1' command is executed.
15:04:46 INFO  : FPGA configured successfully with bitstream "G:/Examples/GPIO_int_NEW/GPIO_int_NEW.sdk/hw_wrapper_hw_platform_0/hw_wrapper.bit"
15:04:46 INFO  : Context for 'APU' is selected.
15:04:48 INFO  : Hardware design information is loaded from 'G:/Examples/GPIO_int_NEW/GPIO_int_NEW.sdk/hw_wrapper_hw_platform_0/system.hdf'.
15:04:48 INFO  : 'configparams force-mem-access 1' command is executed.
15:04:48 INFO  : Context for 'APU' is selected.
15:04:48 INFO  : 'ps7_init' command is executed.
15:04:48 INFO  : 'ps7_post_config' command is executed.
15:04:48 INFO  : Context for processor 'ps7_cortexa9_0' is selected.
15:04:49 INFO  : The application 'G:/Examples/GPIO_int_NEW/GPIO_int_NEW.sdk/gpio/Debug/gpio.elf' is downloaded to processor 'ps7_cortexa9_0'.
15:04:49 INFO  : 'configparams force-mem-access 0' command is executed.
15:04:49 INFO  : ----------------XSDB Script----------------
connect -url tcp:127.0.0.1:3121
source G:/Examples/GPIO_int_NEW/GPIO_int_NEW.sdk/hw_wrapper_hw_platform_0/ps7_init.tcl
targets -set -nocase -filter {name =~"APU*" && jtag_cable_name =~ "Digilent JTAG-HS2 2102599A2129"} -index 0
rst -system
after 3000
targets -set -filter {jtag_cable_name =~ "Digilent JTAG-HS2 2102599A2129" && level==0} -index 1
fpga -file G:/Examples/GPIO_int_NEW/GPIO_int_NEW.sdk/hw_wrapper_hw_platform_0/hw_wrapper.bit
targets -set -nocase -filter {name =~"APU*" && jtag_cable_name =~ "Digilent JTAG-HS2 2102599A2129"} -index 0
loadhw -hw G:/Examples/GPIO_int_NEW/GPIO_int_NEW.sdk/hw_wrapper_hw_platform_0/system.hdf -mem-ranges [list {0x40000000 0xbfffffff}]
configparams force-mem-access 1
targets -set -nocase -filter {name =~"APU*" && jtag_cable_name =~ "Digilent JTAG-HS2 2102599A2129"} -index 0
ps7_init
ps7_post_config
targets -set -nocase -filter {name =~ "ARM*#0" && jtag_cable_name =~ "Digilent JTAG-HS2 2102599A2129"} -index 0
dow G:/Examples/GPIO_int_NEW/GPIO_int_NEW.sdk/gpio/Debug/gpio.elf
configparams force-mem-access 0
----------------End of Script----------------

15:04:49 INFO  : Context for processor 'ps7_cortexa9_0' is selected.
15:04:49 INFO  : 'con' command is executed.
15:04:49 INFO  : ----------------XSDB Script (After Launch)----------------
targets -set -nocase -filter {name =~ "ARM*#0" && jtag_cable_name =~ "Digilent JTAG-HS2 2102599A2129"} -index 0
con
----------------End of Script----------------

15:04:49 INFO  : Disconnected from the channel tcfchan#8.
15:05:44 INFO  : Connected to target on host '127.0.0.1' and port '3121'.
15:05:45 INFO  : Jtag cable 'Digilent JTAG-HS2 2102599A2129' is selected.
15:05:45 INFO  : 'jtag frequency' command is executed.
15:05:45 INFO  : Sourcing of 'G:/Examples/GPIO_int_NEW/GPIO_int_NEW.sdk/hw_wrapper_hw_platform_0/ps7_init.tcl' is done.
15:05:45 INFO  : Context for 'APU' is selected.
15:05:45 INFO  : System reset is completed.
15:05:48 INFO  : 'after 3000' command is executed.
15:05:48 INFO  : 'targets -set -filter {jtag_cable_name =~ "Digilent JTAG-HS2 2102599A2129" && level==0} -index 1' command is executed.
15:05:51 INFO  : FPGA configured successfully with bitstream "G:/Examples/GPIO_int_NEW/GPIO_int_NEW.sdk/hw_wrapper_hw_platform_0/hw_wrapper.bit"
15:05:51 INFO  : Context for 'APU' is selected.
15:05:54 INFO  : Hardware design information is loaded from 'G:/Examples/GPIO_int_NEW/GPIO_int_NEW.sdk/hw_wrapper_hw_platform_0/system.hdf'.
15:05:54 INFO  : 'configparams force-mem-access 1' command is executed.
15:05:54 INFO  : Context for 'APU' is selected.
15:05:54 INFO  : 'ps7_init' command is executed.
15:05:54 INFO  : 'ps7_post_config' command is executed.
15:05:54 INFO  : Context for processor 'ps7_cortexa9_0' is selected.
15:05:54 INFO  : The application 'G:/Examples/GPIO_int_NEW/GPIO_int_NEW.sdk/gpio/Debug/gpio.elf' is downloaded to processor 'ps7_cortexa9_0'.
15:05:54 INFO  : 'configparams force-mem-access 0' command is executed.
15:05:54 INFO  : ----------------XSDB Script----------------
connect -url tcp:127.0.0.1:3121
source G:/Examples/GPIO_int_NEW/GPIO_int_NEW.sdk/hw_wrapper_hw_platform_0/ps7_init.tcl
targets -set -nocase -filter {name =~"APU*" && jtag_cable_name =~ "Digilent JTAG-HS2 2102599A2129"} -index 0
rst -system
after 3000
targets -set -filter {jtag_cable_name =~ "Digilent JTAG-HS2 2102599A2129" && level==0} -index 1
fpga -file G:/Examples/GPIO_int_NEW/GPIO_int_NEW.sdk/hw_wrapper_hw_platform_0/hw_wrapper.bit
targets -set -nocase -filter {name =~"APU*" && jtag_cable_name =~ "Digilent JTAG-HS2 2102599A2129"} -index 0
loadhw -hw G:/Examples/GPIO_int_NEW/GPIO_int_NEW.sdk/hw_wrapper_hw_platform_0/system.hdf -mem-ranges [list {0x40000000 0xbfffffff}]
configparams force-mem-access 1
targets -set -nocase -filter {name =~"APU*" && jtag_cable_name =~ "Digilent JTAG-HS2 2102599A2129"} -index 0
ps7_init
ps7_post_config
targets -set -nocase -filter {name =~ "ARM*#0" && jtag_cable_name =~ "Digilent JTAG-HS2 2102599A2129"} -index 0
dow G:/Examples/GPIO_int_NEW/GPIO_int_NEW.sdk/gpio/Debug/gpio.elf
configparams force-mem-access 0
----------------End of Script----------------

15:05:54 INFO  : Context for processor 'ps7_cortexa9_0' is selected.
15:05:54 INFO  : 'con' command is executed.
15:05:54 INFO  : ----------------XSDB Script (After Launch)----------------
targets -set -nocase -filter {name =~ "ARM*#0" && jtag_cable_name =~ "Digilent JTAG-HS2 2102599A2129"} -index 0
con
----------------End of Script----------------

15:05:54 INFO  : Disconnected from the channel tcfchan#9.
15:14:03 INFO  : Connected to target on host '127.0.0.1' and port '3121'.
15:14:03 INFO  : Jtag cable 'Digilent JTAG-HS2 2102599A2129' is selected.
15:14:03 INFO  : 'jtag frequency' command is executed.
15:14:03 INFO  : Sourcing of 'G:/Examples/GPIO_int_NEW/GPIO_int_NEW.sdk/hw_wrapper_hw_platform_0/ps7_init.tcl' is done.
15:14:03 INFO  : Context for 'APU' is selected.
15:14:03 INFO  : System reset is completed.
15:14:06 INFO  : 'after 3000' command is executed.
15:14:07 INFO  : 'targets -set -filter {jtag_cable_name =~ "Digilent JTAG-HS2 2102599A2129" && level==0} -index 1' command is executed.
15:14:10 INFO  : FPGA configured successfully with bitstream "G:/Examples/GPIO_int_NEW/GPIO_int_NEW.sdk/hw_wrapper_hw_platform_0/hw_wrapper.bit"
15:14:10 INFO  : Context for 'APU' is selected.
15:14:12 INFO  : Hardware design information is loaded from 'G:/Examples/GPIO_int_NEW/GPIO_int_NEW.sdk/hw_wrapper_hw_platform_0/system.hdf'.
15:14:12 INFO  : 'configparams force-mem-access 1' command is executed.
15:14:12 INFO  : Context for 'APU' is selected.
15:14:13 INFO  : 'ps7_init' command is executed.
15:14:13 INFO  : 'ps7_post_config' command is executed.
15:14:13 INFO  : Context for processor 'ps7_cortexa9_0' is selected.
15:14:13 INFO  : The application 'G:/Examples/GPIO_int_NEW/GPIO_int_NEW.sdk/gpio/Debug/gpio.elf' is downloaded to processor 'ps7_cortexa9_0'.
15:14:13 INFO  : 'configparams force-mem-access 0' command is executed.
15:14:13 INFO  : ----------------XSDB Script----------------
connect -url tcp:127.0.0.1:3121
source G:/Examples/GPIO_int_NEW/GPIO_int_NEW.sdk/hw_wrapper_hw_platform_0/ps7_init.tcl
targets -set -nocase -filter {name =~"APU*" && jtag_cable_name =~ "Digilent JTAG-HS2 2102599A2129"} -index 0
rst -system
after 3000
targets -set -filter {jtag_cable_name =~ "Digilent JTAG-HS2 2102599A2129" && level==0} -index 1
fpga -file G:/Examples/GPIO_int_NEW/GPIO_int_NEW.sdk/hw_wrapper_hw_platform_0/hw_wrapper.bit
targets -set -nocase -filter {name =~"APU*" && jtag_cable_name =~ "Digilent JTAG-HS2 2102599A2129"} -index 0
loadhw -hw G:/Examples/GPIO_int_NEW/GPIO_int_NEW.sdk/hw_wrapper_hw_platform_0/system.hdf -mem-ranges [list {0x40000000 0xbfffffff}]
configparams force-mem-access 1
targets -set -nocase -filter {name =~"APU*" && jtag_cable_name =~ "Digilent JTAG-HS2 2102599A2129"} -index 0
ps7_init
ps7_post_config
targets -set -nocase -filter {name =~ "ARM*#0" && jtag_cable_name =~ "Digilent JTAG-HS2 2102599A2129"} -index 0
dow G:/Examples/GPIO_int_NEW/GPIO_int_NEW.sdk/gpio/Debug/gpio.elf
configparams force-mem-access 0
----------------End of Script----------------

15:14:13 INFO  : Context for processor 'ps7_cortexa9_0' is selected.
15:14:13 INFO  : 'con' command is executed.
15:14:13 INFO  : ----------------XSDB Script (After Launch)----------------
targets -set -nocase -filter {name =~ "ARM*#0" && jtag_cable_name =~ "Digilent JTAG-HS2 2102599A2129"} -index 0
con
----------------End of Script----------------

15:14:13 INFO  : Disconnected from the channel tcfchan#10.
15:15:11 INFO  : Connected to target on host '127.0.0.1' and port '3121'.
15:15:12 INFO  : Jtag cable 'Digilent JTAG-HS2 2102599A2129' is selected.
15:15:12 INFO  : 'jtag frequency' command is executed.
15:15:12 INFO  : Sourcing of 'G:/Examples/GPIO_int_NEW/GPIO_int_NEW.sdk/hw_wrapper_hw_platform_0/ps7_init.tcl' is done.
15:15:12 INFO  : Context for 'APU' is selected.
15:15:12 INFO  : System reset is completed.
15:15:15 INFO  : 'after 3000' command is executed.
15:15:15 INFO  : 'targets -set -filter {jtag_cable_name =~ "Digilent JTAG-HS2 2102599A2129" && level==0} -index 1' command is executed.
15:15:19 INFO  : FPGA configured successfully with bitstream "G:/Examples/GPIO_int_NEW/GPIO_int_NEW.sdk/hw_wrapper_hw_platform_0/hw_wrapper.bit"
15:15:19 INFO  : Context for 'APU' is selected.
15:15:21 INFO  : Hardware design information is loaded from 'G:/Examples/GPIO_int_NEW/GPIO_int_NEW.sdk/hw_wrapper_hw_platform_0/system.hdf'.
15:15:21 INFO  : 'configparams force-mem-access 1' command is executed.
15:15:21 INFO  : Context for 'APU' is selected.
15:15:21 INFO  : 'ps7_init' command is executed.
15:15:21 INFO  : 'ps7_post_config' command is executed.
15:15:21 INFO  : Context for processor 'ps7_cortexa9_0' is selected.
15:15:22 INFO  : The application 'G:/Examples/GPIO_int_NEW/GPIO_int_NEW.sdk/gpio/Debug/gpio.elf' is downloaded to processor 'ps7_cortexa9_0'.
15:15:22 INFO  : 'configparams force-mem-access 0' command is executed.
15:15:22 INFO  : ----------------XSDB Script----------------
connect -url tcp:127.0.0.1:3121
source G:/Examples/GPIO_int_NEW/GPIO_int_NEW.sdk/hw_wrapper_hw_platform_0/ps7_init.tcl
targets -set -nocase -filter {name =~"APU*" && jtag_cable_name =~ "Digilent JTAG-HS2 2102599A2129"} -index 0
rst -system
after 3000
targets -set -filter {jtag_cable_name =~ "Digilent JTAG-HS2 2102599A2129" && level==0} -index 1
fpga -file G:/Examples/GPIO_int_NEW/GPIO_int_NEW.sdk/hw_wrapper_hw_platform_0/hw_wrapper.bit
targets -set -nocase -filter {name =~"APU*" && jtag_cable_name =~ "Digilent JTAG-HS2 2102599A2129"} -index 0
loadhw -hw G:/Examples/GPIO_int_NEW/GPIO_int_NEW.sdk/hw_wrapper_hw_platform_0/system.hdf -mem-ranges [list {0x40000000 0xbfffffff}]
configparams force-mem-access 1
targets -set -nocase -filter {name =~"APU*" && jtag_cable_name =~ "Digilent JTAG-HS2 2102599A2129"} -index 0
ps7_init
ps7_post_config
targets -set -nocase -filter {name =~ "ARM*#0" && jtag_cable_name =~ "Digilent JTAG-HS2 2102599A2129"} -index 0
dow G:/Examples/GPIO_int_NEW/GPIO_int_NEW.sdk/gpio/Debug/gpio.elf
configparams force-mem-access 0
----------------End of Script----------------

15:15:22 INFO  : Context for processor 'ps7_cortexa9_0' is selected.
15:15:22 INFO  : 'con' command is executed.
15:15:22 INFO  : ----------------XSDB Script (After Launch)----------------
targets -set -nocase -filter {name =~ "ARM*#0" && jtag_cable_name =~ "Digilent JTAG-HS2 2102599A2129"} -index 0
con
----------------End of Script----------------

15:15:22 INFO  : Disconnected from the channel tcfchan#11.
15:15:39 INFO  : Connected to target on host '127.0.0.1' and port '3121'.
15:15:39 INFO  : Jtag cable 'Digilent JTAG-HS2 2102599A2129' is selected.
15:15:39 INFO  : 'jtag frequency' command is executed.
15:15:39 INFO  : Sourcing of 'G:/Examples/GPIO_int_NEW/GPIO_int_NEW.sdk/hw_wrapper_hw_platform_0/ps7_init.tcl' is done.
15:15:39 INFO  : Context for 'APU' is selected.
15:15:40 INFO  : System reset is completed.
15:15:43 INFO  : 'after 3000' command is executed.
15:15:43 INFO  : 'targets -set -filter {jtag_cable_name =~ "Digilent JTAG-HS2 2102599A2129" && level==0} -index 1' command is executed.
15:15:46 INFO  : FPGA configured successfully with bitstream "G:/Examples/GPIO_int_NEW/GPIO_int_NEW.sdk/hw_wrapper_hw_platform_0/hw_wrapper.bit"
15:15:46 INFO  : Context for 'APU' is selected.
15:15:48 INFO  : Hardware design information is loaded from 'G:/Examples/GPIO_int_NEW/GPIO_int_NEW.sdk/hw_wrapper_hw_platform_0/system.hdf'.
15:15:48 INFO  : 'configparams force-mem-access 1' command is executed.
15:15:48 INFO  : Context for 'APU' is selected.
15:15:48 INFO  : 'ps7_init' command is executed.
15:15:48 INFO  : 'ps7_post_config' command is executed.
15:15:48 INFO  : Context for processor 'ps7_cortexa9_0' is selected.
15:15:49 INFO  : The application 'G:/Examples/GPIO_int_NEW/GPIO_int_NEW.sdk/gpio/Debug/gpio.elf' is downloaded to processor 'ps7_cortexa9_0'.
15:15:49 INFO  : 'configparams force-mem-access 0' command is executed.
15:15:49 INFO  : ----------------XSDB Script----------------
connect -url tcp:127.0.0.1:3121
source G:/Examples/GPIO_int_NEW/GPIO_int_NEW.sdk/hw_wrapper_hw_platform_0/ps7_init.tcl
targets -set -nocase -filter {name =~"APU*" && jtag_cable_name =~ "Digilent JTAG-HS2 2102599A2129"} -index 0
rst -system
after 3000
targets -set -filter {jtag_cable_name =~ "Digilent JTAG-HS2 2102599A2129" && level==0} -index 1
fpga -file G:/Examples/GPIO_int_NEW/GPIO_int_NEW.sdk/hw_wrapper_hw_platform_0/hw_wrapper.bit
targets -set -nocase -filter {name =~"APU*" && jtag_cable_name =~ "Digilent JTAG-HS2 2102599A2129"} -index 0
loadhw -hw G:/Examples/GPIO_int_NEW/GPIO_int_NEW.sdk/hw_wrapper_hw_platform_0/system.hdf -mem-ranges [list {0x40000000 0xbfffffff}]
configparams force-mem-access 1
targets -set -nocase -filter {name =~"APU*" && jtag_cable_name =~ "Digilent JTAG-HS2 2102599A2129"} -index 0
ps7_init
ps7_post_config
targets -set -nocase -filter {name =~ "ARM*#0" && jtag_cable_name =~ "Digilent JTAG-HS2 2102599A2129"} -index 0
dow G:/Examples/GPIO_int_NEW/GPIO_int_NEW.sdk/gpio/Debug/gpio.elf
configparams force-mem-access 0
----------------End of Script----------------

15:15:49 INFO  : Context for processor 'ps7_cortexa9_0' is selected.
15:15:49 INFO  : 'con' command is executed.
15:15:49 INFO  : ----------------XSDB Script (After Launch)----------------
targets -set -nocase -filter {name =~ "ARM*#0" && jtag_cable_name =~ "Digilent JTAG-HS2 2102599A2129"} -index 0
con
----------------End of Script----------------

15:15:49 INFO  : Disconnected from the channel tcfchan#12.
15:16:43 INFO  : Connected to target on host '127.0.0.1' and port '3121'.
15:16:44 INFO  : Jtag cable 'Digilent JTAG-HS2 2102599A2129' is selected.
15:16:44 INFO  : 'jtag frequency' command is executed.
15:16:44 INFO  : Sourcing of 'G:/Examples/GPIO_int_NEW/GPIO_int_NEW.sdk/hw_wrapper_hw_platform_0/ps7_init.tcl' is done.
15:16:44 INFO  : Context for 'APU' is selected.
15:16:44 INFO  : System reset is completed.
15:16:47 INFO  : 'after 3000' command is executed.
15:16:47 INFO  : 'targets -set -filter {jtag_cable_name =~ "Digilent JTAG-HS2 2102599A2129" && level==0} -index 1' command is executed.
15:16:51 INFO  : FPGA configured successfully with bitstream "G:/Examples/GPIO_int_NEW/GPIO_int_NEW.sdk/hw_wrapper_hw_platform_0/hw_wrapper.bit"
15:16:51 INFO  : Context for 'APU' is selected.
15:16:53 INFO  : Hardware design information is loaded from 'G:/Examples/GPIO_int_NEW/GPIO_int_NEW.sdk/hw_wrapper_hw_platform_0/system.hdf'.
15:16:53 INFO  : 'configparams force-mem-access 1' command is executed.
15:16:53 INFO  : Context for 'APU' is selected.
15:16:53 INFO  : 'ps7_init' command is executed.
15:16:53 INFO  : 'ps7_post_config' command is executed.
15:16:53 INFO  : Context for processor 'ps7_cortexa9_0' is selected.
15:16:53 INFO  : The application 'G:/Examples/GPIO_int_NEW/GPIO_int_NEW.sdk/gpio/Debug/gpio.elf' is downloaded to processor 'ps7_cortexa9_0'.
15:16:53 INFO  : 'configparams force-mem-access 0' command is executed.
15:16:53 INFO  : ----------------XSDB Script----------------
connect -url tcp:127.0.0.1:3121
source G:/Examples/GPIO_int_NEW/GPIO_int_NEW.sdk/hw_wrapper_hw_platform_0/ps7_init.tcl
targets -set -nocase -filter {name =~"APU*" && jtag_cable_name =~ "Digilent JTAG-HS2 2102599A2129"} -index 0
rst -system
after 3000
targets -set -filter {jtag_cable_name =~ "Digilent JTAG-HS2 2102599A2129" && level==0} -index 1
fpga -file G:/Examples/GPIO_int_NEW/GPIO_int_NEW.sdk/hw_wrapper_hw_platform_0/hw_wrapper.bit
targets -set -nocase -filter {name =~"APU*" && jtag_cable_name =~ "Digilent JTAG-HS2 2102599A2129"} -index 0
loadhw -hw G:/Examples/GPIO_int_NEW/GPIO_int_NEW.sdk/hw_wrapper_hw_platform_0/system.hdf -mem-ranges [list {0x40000000 0xbfffffff}]
configparams force-mem-access 1
targets -set -nocase -filter {name =~"APU*" && jtag_cable_name =~ "Digilent JTAG-HS2 2102599A2129"} -index 0
ps7_init
ps7_post_config
targets -set -nocase -filter {name =~ "ARM*#0" && jtag_cable_name =~ "Digilent JTAG-HS2 2102599A2129"} -index 0
dow G:/Examples/GPIO_int_NEW/GPIO_int_NEW.sdk/gpio/Debug/gpio.elf
configparams force-mem-access 0
----------------End of Script----------------

15:16:53 INFO  : Context for processor 'ps7_cortexa9_0' is selected.
15:16:54 INFO  : 'con' command is executed.
15:16:54 INFO  : ----------------XSDB Script (After Launch)----------------
targets -set -nocase -filter {name =~ "ARM*#0" && jtag_cable_name =~ "Digilent JTAG-HS2 2102599A2129"} -index 0
con
----------------End of Script----------------

15:16:54 INFO  : Disconnected from the channel tcfchan#13.
15:17:33 INFO  : Connected to target on host '127.0.0.1' and port '3121'.
15:17:33 INFO  : Jtag cable 'Digilent JTAG-HS2 2102599A2129' is selected.
15:17:33 INFO  : 'jtag frequency' command is executed.
15:17:33 INFO  : Sourcing of 'G:/Examples/GPIO_int_NEW/GPIO_int_NEW.sdk/hw_wrapper_hw_platform_0/ps7_init.tcl' is done.
15:17:33 INFO  : Context for 'APU' is selected.
15:17:33 INFO  : System reset is completed.
15:17:36 INFO  : 'after 3000' command is executed.
15:17:36 INFO  : 'targets -set -filter {jtag_cable_name =~ "Digilent JTAG-HS2 2102599A2129" && level==0} -index 1' command is executed.
15:17:40 INFO  : FPGA configured successfully with bitstream "G:/Examples/GPIO_int_NEW/GPIO_int_NEW.sdk/hw_wrapper_hw_platform_0/hw_wrapper.bit"
15:17:40 INFO  : Context for 'APU' is selected.
15:17:42 INFO  : Hardware design information is loaded from 'G:/Examples/GPIO_int_NEW/GPIO_int_NEW.sdk/hw_wrapper_hw_platform_0/system.hdf'.
15:17:42 INFO  : 'configparams force-mem-access 1' command is executed.
15:17:42 INFO  : Context for 'APU' is selected.
15:17:42 INFO  : 'ps7_init' command is executed.
15:17:42 INFO  : 'ps7_post_config' command is executed.
15:17:43 INFO  : Context for processor 'ps7_cortexa9_0' is selected.
15:17:43 INFO  : The application 'G:/Examples/GPIO_int_NEW/GPIO_int_NEW.sdk/gpio/Debug/gpio.elf' is downloaded to processor 'ps7_cortexa9_0'.
15:17:43 INFO  : 'configparams force-mem-access 0' command is executed.
15:17:43 INFO  : ----------------XSDB Script----------------
connect -url tcp:127.0.0.1:3121
source G:/Examples/GPIO_int_NEW/GPIO_int_NEW.sdk/hw_wrapper_hw_platform_0/ps7_init.tcl
targets -set -nocase -filter {name =~"APU*" && jtag_cable_name =~ "Digilent JTAG-HS2 2102599A2129"} -index 0
rst -system
after 3000
targets -set -filter {jtag_cable_name =~ "Digilent JTAG-HS2 2102599A2129" && level==0} -index 1
fpga -file G:/Examples/GPIO_int_NEW/GPIO_int_NEW.sdk/hw_wrapper_hw_platform_0/hw_wrapper.bit
targets -set -nocase -filter {name =~"APU*" && jtag_cable_name =~ "Digilent JTAG-HS2 2102599A2129"} -index 0
loadhw -hw G:/Examples/GPIO_int_NEW/GPIO_int_NEW.sdk/hw_wrapper_hw_platform_0/system.hdf -mem-ranges [list {0x40000000 0xbfffffff}]
configparams force-mem-access 1
targets -set -nocase -filter {name =~"APU*" && jtag_cable_name =~ "Digilent JTAG-HS2 2102599A2129"} -index 0
ps7_init
ps7_post_config
targets -set -nocase -filter {name =~ "ARM*#0" && jtag_cable_name =~ "Digilent JTAG-HS2 2102599A2129"} -index 0
dow G:/Examples/GPIO_int_NEW/GPIO_int_NEW.sdk/gpio/Debug/gpio.elf
configparams force-mem-access 0
----------------End of Script----------------

15:17:43 INFO  : Context for processor 'ps7_cortexa9_0' is selected.
15:17:43 INFO  : 'con' command is executed.
15:17:43 INFO  : ----------------XSDB Script (After Launch)----------------
targets -set -nocase -filter {name =~ "ARM*#0" && jtag_cable_name =~ "Digilent JTAG-HS2 2102599A2129"} -index 0
con
----------------End of Script----------------

15:17:43 INFO  : Disconnected from the channel tcfchan#14.
15:18:55 INFO  : Connected to target on host '127.0.0.1' and port '3121'.
15:18:56 INFO  : Jtag cable 'Digilent JTAG-HS2 2102599A2129' is selected.
15:18:56 INFO  : 'jtag frequency' command is executed.
15:18:56 INFO  : Sourcing of 'G:/Examples/GPIO_int_NEW/GPIO_int_NEW.sdk/hw_wrapper_hw_platform_0/ps7_init.tcl' is done.
15:18:56 INFO  : Context for 'APU' is selected.
15:18:56 INFO  : System reset is completed.
15:18:59 INFO  : 'after 3000' command is executed.
15:18:59 INFO  : 'targets -set -filter {jtag_cable_name =~ "Digilent JTAG-HS2 2102599A2129" && level==0} -index 1' command is executed.
15:19:03 INFO  : FPGA configured successfully with bitstream "G:/Examples/GPIO_int_NEW/GPIO_int_NEW.sdk/hw_wrapper_hw_platform_0/hw_wrapper.bit"
15:19:03 INFO  : Context for 'APU' is selected.
15:19:05 INFO  : Hardware design information is loaded from 'G:/Examples/GPIO_int_NEW/GPIO_int_NEW.sdk/hw_wrapper_hw_platform_0/system.hdf'.
15:19:05 INFO  : 'configparams force-mem-access 1' command is executed.
15:19:05 INFO  : Context for 'APU' is selected.
15:19:05 INFO  : 'ps7_init' command is executed.
15:19:05 INFO  : 'ps7_post_config' command is executed.
15:19:05 INFO  : Context for processor 'ps7_cortexa9_0' is selected.
15:19:06 INFO  : The application 'G:/Examples/GPIO_int_NEW/GPIO_int_NEW.sdk/gpio/Debug/gpio.elf' is downloaded to processor 'ps7_cortexa9_0'.
15:19:06 INFO  : 'configparams force-mem-access 0' command is executed.
15:19:06 INFO  : ----------------XSDB Script----------------
connect -url tcp:127.0.0.1:3121
source G:/Examples/GPIO_int_NEW/GPIO_int_NEW.sdk/hw_wrapper_hw_platform_0/ps7_init.tcl
targets -set -nocase -filter {name =~"APU*" && jtag_cable_name =~ "Digilent JTAG-HS2 2102599A2129"} -index 0
rst -system
after 3000
targets -set -filter {jtag_cable_name =~ "Digilent JTAG-HS2 2102599A2129" && level==0} -index 1
fpga -file G:/Examples/GPIO_int_NEW/GPIO_int_NEW.sdk/hw_wrapper_hw_platform_0/hw_wrapper.bit
targets -set -nocase -filter {name =~"APU*" && jtag_cable_name =~ "Digilent JTAG-HS2 2102599A2129"} -index 0
loadhw -hw G:/Examples/GPIO_int_NEW/GPIO_int_NEW.sdk/hw_wrapper_hw_platform_0/system.hdf -mem-ranges [list {0x40000000 0xbfffffff}]
configparams force-mem-access 1
targets -set -nocase -filter {name =~"APU*" && jtag_cable_name =~ "Digilent JTAG-HS2 2102599A2129"} -index 0
ps7_init
ps7_post_config
targets -set -nocase -filter {name =~ "ARM*#0" && jtag_cable_name =~ "Digilent JTAG-HS2 2102599A2129"} -index 0
dow G:/Examples/GPIO_int_NEW/GPIO_int_NEW.sdk/gpio/Debug/gpio.elf
configparams force-mem-access 0
----------------End of Script----------------

15:19:06 INFO  : Context for processor 'ps7_cortexa9_0' is selected.
15:19:06 INFO  : 'con' command is executed.
15:19:06 INFO  : ----------------XSDB Script (After Launch)----------------
targets -set -nocase -filter {name =~ "ARM*#0" && jtag_cable_name =~ "Digilent JTAG-HS2 2102599A2129"} -index 0
con
----------------End of Script----------------

15:19:06 INFO  : Disconnected from the channel tcfchan#15.
15:19:34 INFO  : Connected to target on host '127.0.0.1' and port '3121'.
15:19:34 INFO  : Jtag cable 'Digilent JTAG-HS2 2102599A2129' is selected.
15:19:34 INFO  : 'jtag frequency' command is executed.
15:19:34 INFO  : Sourcing of 'G:/Examples/GPIO_int_NEW/GPIO_int_NEW.sdk/hw_wrapper_hw_platform_0/ps7_init.tcl' is done.
15:19:34 INFO  : Context for 'APU' is selected.
15:19:35 INFO  : System reset is completed.
15:19:38 INFO  : 'after 3000' command is executed.
15:19:38 INFO  : 'targets -set -filter {jtag_cable_name =~ "Digilent JTAG-HS2 2102599A2129" && level==0} -index 1' command is executed.
15:19:41 INFO  : FPGA configured successfully with bitstream "G:/Examples/GPIO_int_NEW/GPIO_int_NEW.sdk/hw_wrapper_hw_platform_0/hw_wrapper.bit"
15:19:41 INFO  : Context for 'APU' is selected.
15:19:44 INFO  : Hardware design information is loaded from 'G:/Examples/GPIO_int_NEW/GPIO_int_NEW.sdk/hw_wrapper_hw_platform_0/system.hdf'.
15:19:44 INFO  : 'configparams force-mem-access 1' command is executed.
15:19:44 INFO  : Context for 'APU' is selected.
15:19:44 INFO  : 'ps7_init' command is executed.
15:19:44 INFO  : 'ps7_post_config' command is executed.
15:19:44 INFO  : Context for processor 'ps7_cortexa9_0' is selected.
15:19:44 INFO  : The application 'G:/Examples/GPIO_int_NEW/GPIO_int_NEW.sdk/gpio/Debug/gpio.elf' is downloaded to processor 'ps7_cortexa9_0'.
15:19:44 INFO  : 'configparams force-mem-access 0' command is executed.
15:19:44 INFO  : ----------------XSDB Script----------------
connect -url tcp:127.0.0.1:3121
source G:/Examples/GPIO_int_NEW/GPIO_int_NEW.sdk/hw_wrapper_hw_platform_0/ps7_init.tcl
targets -set -nocase -filter {name =~"APU*" && jtag_cable_name =~ "Digilent JTAG-HS2 2102599A2129"} -index 0
rst -system
after 3000
targets -set -filter {jtag_cable_name =~ "Digilent JTAG-HS2 2102599A2129" && level==0} -index 1
fpga -file G:/Examples/GPIO_int_NEW/GPIO_int_NEW.sdk/hw_wrapper_hw_platform_0/hw_wrapper.bit
targets -set -nocase -filter {name =~"APU*" && jtag_cable_name =~ "Digilent JTAG-HS2 2102599A2129"} -index 0
loadhw -hw G:/Examples/GPIO_int_NEW/GPIO_int_NEW.sdk/hw_wrapper_hw_platform_0/system.hdf -mem-ranges [list {0x40000000 0xbfffffff}]
configparams force-mem-access 1
targets -set -nocase -filter {name =~"APU*" && jtag_cable_name =~ "Digilent JTAG-HS2 2102599A2129"} -index 0
ps7_init
ps7_post_config
targets -set -nocase -filter {name =~ "ARM*#0" && jtag_cable_name =~ "Digilent JTAG-HS2 2102599A2129"} -index 0
dow G:/Examples/GPIO_int_NEW/GPIO_int_NEW.sdk/gpio/Debug/gpio.elf
configparams force-mem-access 0
----------------End of Script----------------

15:19:44 INFO  : Context for processor 'ps7_cortexa9_0' is selected.
15:19:44 INFO  : 'con' command is executed.
15:19:44 INFO  : ----------------XSDB Script (After Launch)----------------
targets -set -nocase -filter {name =~ "ARM*#0" && jtag_cable_name =~ "Digilent JTAG-HS2 2102599A2129"} -index 0
con
----------------End of Script----------------

15:19:45 INFO  : Disconnected from the channel tcfchan#16.
15:20:01 INFO  : Connected to target on host '127.0.0.1' and port '3121'.
15:20:02 INFO  : 'targets -set -filter {jtag_cable_name =~ "Digilent JTAG-HS2 2102599A2129" && level==0} -index 1' command is executed.
15:20:05 INFO  : FPGA configured successfully with bitstream "G:/Examples/GPIO_int_NEW/GPIO_int_NEW.sdk/hw_wrapper_hw_platform_0/hw_wrapper.bit"
15:21:55 INFO  : Connected to target on host '127.0.0.1' and port '3121'.
15:21:56 INFO  : 'targets -set -filter {jtag_cable_name =~ "Digilent JTAG-HS2 2102599A2129" && level==0} -index 1' command is executed.
15:21:59 INFO  : FPGA configured successfully with bitstream "G:/Examples/GPIO_int_NEW/GPIO_int_NEW.sdk/hw_wrapper_hw_platform_0/hw_wrapper.bit"
15:22:45 INFO  : Connected to target on host '127.0.0.1' and port '3121'.
15:22:46 INFO  : Jtag cable 'Digilent JTAG-HS2 2102599A2129' is selected.
15:22:46 INFO  : 'jtag frequency' command is executed.
15:22:46 INFO  : Sourcing of 'G:/Examples/GPIO_int_NEW/GPIO_int_NEW.sdk/hw_wrapper_hw_platform_0/ps7_init.tcl' is done.
15:22:46 INFO  : Context for 'APU' is selected.
15:22:46 INFO  : System reset is completed.
15:22:49 INFO  : 'after 3000' command is executed.
15:22:49 INFO  : 'targets -set -filter {jtag_cable_name =~ "Digilent JTAG-HS2 2102599A2129" && level==0} -index 1' command is executed.
15:22:52 INFO  : FPGA configured successfully with bitstream "G:/Examples/GPIO_int_NEW/GPIO_int_NEW.sdk/hw_wrapper_hw_platform_0/hw_wrapper.bit"
15:22:52 INFO  : Context for 'APU' is selected.
15:22:52 INFO  : Hardware design information is loaded from 'G:/Examples/GPIO_int_NEW/GPIO_int_NEW.sdk/hw_wrapper_hw_platform_0/system.hdf'.
15:22:53 INFO  : 'configparams force-mem-access 1' command is executed.
15:22:53 INFO  : Context for 'APU' is selected.
15:22:53 INFO  : 'ps7_init' command is executed.
15:22:53 INFO  : 'ps7_post_config' command is executed.
15:22:53 INFO  : Context for processor 'ps7_cortexa9_0' is selected.
15:22:53 INFO  : The application 'G:/Examples/GPIO_int_NEW/GPIO_int_NEW.sdk/gpio/Debug/gpio.elf' is downloaded to processor 'ps7_cortexa9_0'.
15:22:53 INFO  : 'configparams force-mem-access 0' command is executed.
15:22:53 INFO  : ----------------XSDB Script----------------
connect -url tcp:127.0.0.1:3121
source G:/Examples/GPIO_int_NEW/GPIO_int_NEW.sdk/hw_wrapper_hw_platform_0/ps7_init.tcl
targets -set -nocase -filter {name =~"APU*" && jtag_cable_name =~ "Digilent JTAG-HS2 2102599A2129"} -index 0
rst -system
after 3000
targets -set -filter {jtag_cable_name =~ "Digilent JTAG-HS2 2102599A2129" && level==0} -index 1
fpga -file G:/Examples/GPIO_int_NEW/GPIO_int_NEW.sdk/hw_wrapper_hw_platform_0/hw_wrapper.bit
targets -set -nocase -filter {name =~"APU*" && jtag_cable_name =~ "Digilent JTAG-HS2 2102599A2129"} -index 0
loadhw -hw G:/Examples/GPIO_int_NEW/GPIO_int_NEW.sdk/hw_wrapper_hw_platform_0/system.hdf -mem-ranges [list {0x40000000 0xbfffffff}]
configparams force-mem-access 1
targets -set -nocase -filter {name =~"APU*" && jtag_cable_name =~ "Digilent JTAG-HS2 2102599A2129"} -index 0
ps7_init
ps7_post_config
targets -set -nocase -filter {name =~ "ARM*#0" && jtag_cable_name =~ "Digilent JTAG-HS2 2102599A2129"} -index 0
dow G:/Examples/GPIO_int_NEW/GPIO_int_NEW.sdk/gpio/Debug/gpio.elf
configparams force-mem-access 0
----------------End of Script----------------

15:22:53 INFO  : Context for processor 'ps7_cortexa9_0' is selected.
15:22:53 INFO  : 'con' command is executed.
15:22:53 INFO  : ----------------XSDB Script (After Launch)----------------
targets -set -nocase -filter {name =~ "ARM*#0" && jtag_cable_name =~ "Digilent JTAG-HS2 2102599A2129"} -index 0
con
----------------End of Script----------------

15:22:53 INFO  : Disconnected from the channel tcfchan#17.
15:24:00 INFO  : Connected to target on host '127.0.0.1' and port '3121'.
15:24:00 INFO  : Jtag cable 'Digilent JTAG-HS2 2102599A2129' is selected.
15:24:00 INFO  : 'jtag frequency' command is executed.
15:24:00 INFO  : Sourcing of 'G:/Examples/GPIO_int_NEW/GPIO_int_NEW.sdk/hw_wrapper_hw_platform_0/ps7_init.tcl' is done.
15:24:00 INFO  : Context for 'APU' is selected.
15:24:01 INFO  : System reset is completed.
15:24:04 INFO  : 'after 3000' command is executed.
15:24:04 INFO  : 'targets -set -filter {jtag_cable_name =~ "Digilent JTAG-HS2 2102599A2129" && level==0} -index 1' command is executed.
15:24:07 INFO  : FPGA configured successfully with bitstream "G:/Examples/GPIO_int_NEW/GPIO_int_NEW.sdk/hw_wrapper_hw_platform_0/hw_wrapper.bit"
15:24:07 INFO  : Context for 'APU' is selected.
15:24:09 INFO  : Hardware design information is loaded from 'G:/Examples/GPIO_int_NEW/GPIO_int_NEW.sdk/hw_wrapper_hw_platform_0/system.hdf'.
15:24:09 INFO  : 'configparams force-mem-access 1' command is executed.
15:24:10 INFO  : Context for 'APU' is selected.
15:24:10 INFO  : 'ps7_init' command is executed.
15:24:10 INFO  : 'ps7_post_config' command is executed.
15:24:10 INFO  : Context for processor 'ps7_cortexa9_0' is selected.
15:24:10 INFO  : The application 'G:/Examples/GPIO_int_NEW/GPIO_int_NEW.sdk/gpio/Debug/gpio.elf' is downloaded to processor 'ps7_cortexa9_0'.
15:24:10 INFO  : 'configparams force-mem-access 0' command is executed.
15:24:10 INFO  : ----------------XSDB Script----------------
connect -url tcp:127.0.0.1:3121
source G:/Examples/GPIO_int_NEW/GPIO_int_NEW.sdk/hw_wrapper_hw_platform_0/ps7_init.tcl
targets -set -nocase -filter {name =~"APU*" && jtag_cable_name =~ "Digilent JTAG-HS2 2102599A2129"} -index 0
rst -system
after 3000
targets -set -filter {jtag_cable_name =~ "Digilent JTAG-HS2 2102599A2129" && level==0} -index 1
fpga -file G:/Examples/GPIO_int_NEW/GPIO_int_NEW.sdk/hw_wrapper_hw_platform_0/hw_wrapper.bit
targets -set -nocase -filter {name =~"APU*" && jtag_cable_name =~ "Digilent JTAG-HS2 2102599A2129"} -index 0
loadhw -hw G:/Examples/GPIO_int_NEW/GPIO_int_NEW.sdk/hw_wrapper_hw_platform_0/system.hdf -mem-ranges [list {0x40000000 0xbfffffff}]
configparams force-mem-access 1
targets -set -nocase -filter {name =~"APU*" && jtag_cable_name =~ "Digilent JTAG-HS2 2102599A2129"} -index 0
ps7_init
ps7_post_config
targets -set -nocase -filter {name =~ "ARM*#0" && jtag_cable_name =~ "Digilent JTAG-HS2 2102599A2129"} -index 0
dow G:/Examples/GPIO_int_NEW/GPIO_int_NEW.sdk/gpio/Debug/gpio.elf
configparams force-mem-access 0
----------------End of Script----------------

15:24:10 INFO  : Context for processor 'ps7_cortexa9_0' is selected.
15:24:10 INFO  : 'con' command is executed.
15:24:10 INFO  : ----------------XSDB Script (After Launch)----------------
targets -set -nocase -filter {name =~ "ARM*#0" && jtag_cable_name =~ "Digilent JTAG-HS2 2102599A2129"} -index 0
con
----------------End of Script----------------

15:24:10 INFO  : Disconnected from the channel tcfchan#18.
15:24:25 INFO  : Connected to target on host '127.0.0.1' and port '3121'.
15:24:26 INFO  : Jtag cable 'Digilent JTAG-HS2 2102599A2129' is selected.
15:24:26 INFO  : 'jtag frequency' command is executed.
15:24:26 INFO  : Sourcing of 'G:/Examples/GPIO_int_NEW/GPIO_int_NEW.sdk/hw_wrapper_hw_platform_0/ps7_init.tcl' is done.
15:24:26 INFO  : Context for 'APU' is selected.
15:24:26 INFO  : System reset is completed.
15:24:29 INFO  : 'after 3000' command is executed.
15:24:29 INFO  : 'targets -set -filter {jtag_cable_name =~ "Digilent JTAG-HS2 2102599A2129" && level==0} -index 1' command is executed.
15:24:33 INFO  : FPGA configured successfully with bitstream "G:/Examples/GPIO_int_NEW/GPIO_int_NEW.sdk/hw_wrapper_hw_platform_0/hw_wrapper.bit"
15:24:33 INFO  : Context for 'APU' is selected.
15:24:35 INFO  : Hardware design information is loaded from 'G:/Examples/GPIO_int_NEW/GPIO_int_NEW.sdk/hw_wrapper_hw_platform_0/system.hdf'.
15:24:35 INFO  : 'configparams force-mem-access 1' command is executed.
15:24:36 INFO  : Context for 'APU' is selected.
15:24:36 INFO  : 'ps7_init' command is executed.
15:24:36 INFO  : 'ps7_post_config' command is executed.
15:24:36 INFO  : Context for processor 'ps7_cortexa9_0' is selected.
15:24:36 INFO  : The application 'G:/Examples/GPIO_int_NEW/GPIO_int_NEW.sdk/gpio/Debug/gpio.elf' is downloaded to processor 'ps7_cortexa9_0'.
15:24:36 INFO  : 'configparams force-mem-access 0' command is executed.
15:24:36 INFO  : ----------------XSDB Script----------------
connect -url tcp:127.0.0.1:3121
source G:/Examples/GPIO_int_NEW/GPIO_int_NEW.sdk/hw_wrapper_hw_platform_0/ps7_init.tcl
targets -set -nocase -filter {name =~"APU*" && jtag_cable_name =~ "Digilent JTAG-HS2 2102599A2129"} -index 0
rst -system
after 3000
targets -set -filter {jtag_cable_name =~ "Digilent JTAG-HS2 2102599A2129" && level==0} -index 1
fpga -file G:/Examples/GPIO_int_NEW/GPIO_int_NEW.sdk/hw_wrapper_hw_platform_0/hw_wrapper.bit
targets -set -nocase -filter {name =~"APU*" && jtag_cable_name =~ "Digilent JTAG-HS2 2102599A2129"} -index 0
loadhw -hw G:/Examples/GPIO_int_NEW/GPIO_int_NEW.sdk/hw_wrapper_hw_platform_0/system.hdf -mem-ranges [list {0x40000000 0xbfffffff}]
configparams force-mem-access 1
targets -set -nocase -filter {name =~"APU*" && jtag_cable_name =~ "Digilent JTAG-HS2 2102599A2129"} -index 0
ps7_init
ps7_post_config
targets -set -nocase -filter {name =~ "ARM*#0" && jtag_cable_name =~ "Digilent JTAG-HS2 2102599A2129"} -index 0
dow G:/Examples/GPIO_int_NEW/GPIO_int_NEW.sdk/gpio/Debug/gpio.elf
configparams force-mem-access 0
----------------End of Script----------------

15:24:36 INFO  : Context for processor 'ps7_cortexa9_0' is selected.
15:24:36 INFO  : 'con' command is executed.
15:24:36 INFO  : ----------------XSDB Script (After Launch)----------------
targets -set -nocase -filter {name =~ "ARM*#0" && jtag_cable_name =~ "Digilent JTAG-HS2 2102599A2129"} -index 0
con
----------------End of Script----------------

15:24:36 INFO  : Disconnected from the channel tcfchan#19.
15:26:06 INFO  : Connected to target on host '127.0.0.1' and port '3121'.
15:26:06 INFO  : Jtag cable 'Digilent JTAG-HS2 2102599A2129' is selected.
15:26:06 INFO  : 'jtag frequency' command is executed.
15:26:06 INFO  : Sourcing of 'G:/Examples/GPIO_int_NEW/GPIO_int_NEW.sdk/hw_wrapper_hw_platform_0/ps7_init.tcl' is done.
15:26:06 INFO  : Context for 'APU' is selected.
15:26:07 INFO  : System reset is completed.
15:26:10 INFO  : 'after 3000' command is executed.
15:26:10 INFO  : 'targets -set -filter {jtag_cable_name =~ "Digilent JTAG-HS2 2102599A2129" && level==0} -index 1' command is executed.
15:26:13 INFO  : FPGA configured successfully with bitstream "G:/Examples/GPIO_int_NEW/GPIO_int_NEW.sdk/hw_wrapper_hw_platform_0/hw_wrapper.bit"
15:26:13 INFO  : Context for 'APU' is selected.
15:26:16 INFO  : Hardware design information is loaded from 'G:/Examples/GPIO_int_NEW/GPIO_int_NEW.sdk/hw_wrapper_hw_platform_0/system.hdf'.
15:26:16 INFO  : 'configparams force-mem-access 1' command is executed.
15:26:16 INFO  : Context for 'APU' is selected.
15:26:16 INFO  : 'ps7_init' command is executed.
15:26:16 INFO  : 'ps7_post_config' command is executed.
15:26:16 INFO  : Context for processor 'ps7_cortexa9_0' is selected.
15:26:17 INFO  : The application 'G:/Examples/GPIO_int_NEW/GPIO_int_NEW.sdk/gpio/Debug/gpio.elf' is downloaded to processor 'ps7_cortexa9_0'.
15:26:17 INFO  : 'configparams force-mem-access 0' command is executed.
15:26:17 INFO  : ----------------XSDB Script----------------
connect -url tcp:127.0.0.1:3121
source G:/Examples/GPIO_int_NEW/GPIO_int_NEW.sdk/hw_wrapper_hw_platform_0/ps7_init.tcl
targets -set -nocase -filter {name =~"APU*" && jtag_cable_name =~ "Digilent JTAG-HS2 2102599A2129"} -index 0
rst -system
after 3000
targets -set -filter {jtag_cable_name =~ "Digilent JTAG-HS2 2102599A2129" && level==0} -index 1
fpga -file G:/Examples/GPIO_int_NEW/GPIO_int_NEW.sdk/hw_wrapper_hw_platform_0/hw_wrapper.bit
targets -set -nocase -filter {name =~"APU*" && jtag_cable_name =~ "Digilent JTAG-HS2 2102599A2129"} -index 0
loadhw -hw G:/Examples/GPIO_int_NEW/GPIO_int_NEW.sdk/hw_wrapper_hw_platform_0/system.hdf -mem-ranges [list {0x40000000 0xbfffffff}]
configparams force-mem-access 1
targets -set -nocase -filter {name =~"APU*" && jtag_cable_name =~ "Digilent JTAG-HS2 2102599A2129"} -index 0
ps7_init
ps7_post_config
targets -set -nocase -filter {name =~ "ARM*#0" && jtag_cable_name =~ "Digilent JTAG-HS2 2102599A2129"} -index 0
dow G:/Examples/GPIO_int_NEW/GPIO_int_NEW.sdk/gpio/Debug/gpio.elf
configparams force-mem-access 0
----------------End of Script----------------

15:26:17 INFO  : Context for processor 'ps7_cortexa9_0' is selected.
15:26:17 INFO  : 'con' command is executed.
15:26:17 INFO  : ----------------XSDB Script (After Launch)----------------
targets -set -nocase -filter {name =~ "ARM*#0" && jtag_cable_name =~ "Digilent JTAG-HS2 2102599A2129"} -index 0
con
----------------End of Script----------------

15:26:17 INFO  : Disconnected from the channel tcfchan#20.
15:26:37 INFO  : Connected to target on host '127.0.0.1' and port '3121'.
15:26:38 INFO  : 'targets -set -filter {jtag_cable_name =~ "Digilent JTAG-HS2 2102599A2129" && level==0} -index 1' command is executed.
15:26:41 INFO  : FPGA configured successfully with bitstream "G:/Examples/GPIO_int_NEW/GPIO_int_NEW.sdk/hw_wrapper_hw_platform_0/hw_wrapper.bit"
15:27:44 INFO  : Connected to target on host '127.0.0.1' and port '3121'.
15:27:44 INFO  : 'targets -set -filter {jtag_cable_name =~ "Digilent JTAG-HS2 2102599A2129" && level==0} -index 1' command is executed.
15:27:47 INFO  : FPGA configured successfully with bitstream "G:/Examples/GPIO_int_NEW/GPIO_int_NEW.sdk/hw_wrapper_hw_platform_0/hw_wrapper.bit"
15:28:11 INFO  : Connected to target on host '127.0.0.1' and port '3121'.
15:28:12 INFO  : 'targets -set -filter {jtag_cable_name =~ "Digilent JTAG-HS2 2102599A2129" && level==0} -index 1' command is executed.
15:28:15 INFO  : FPGA configured successfully with bitstream "G:/Examples/GPIO_int_NEW/GPIO_int_NEW.sdk/hw_wrapper_hw_platform_0/hw_wrapper.bit"
15:28:38 INFO  : Connected to target on host '127.0.0.1' and port '3121'.
15:28:38 INFO  : 'targets -set -filter {jtag_cable_name =~ "Digilent JTAG-HS2 2102599A2129" && level==0} -index 1' command is executed.
15:28:42 INFO  : FPGA configured successfully with bitstream "G:/Examples/GPIO_int_NEW/GPIO_int_NEW.sdk/hw_wrapper_hw_platform_0/hw_wrapper.bit"
15:30:52 INFO  : Connected to target on host '127.0.0.1' and port '3121'.
15:30:52 INFO  : 'targets -set -filter {jtag_cable_name =~ "Digilent JTAG-HS2 2102599A2129" && level==0} -index 1' command is executed.
15:30:55 INFO  : FPGA configured successfully with bitstream "G:/Examples/GPIO_int_NEW/GPIO_int_NEW.sdk/hw_wrapper_hw_platform_0/hw_wrapper.bit"
15:31:02 INFO  : Connected to target on host '127.0.0.1' and port '3121'.
15:31:03 INFO  : Jtag cable 'Digilent JTAG-HS2 2102599A2129' is selected.
15:31:03 INFO  : 'jtag frequency' command is executed.
15:31:03 INFO  : Sourcing of 'G:/Examples/GPIO_int_NEW/GPIO_int_NEW.sdk/hw_wrapper_hw_platform_0/ps7_init.tcl' is done.
15:31:03 INFO  : Context for 'APU' is selected.
15:31:03 INFO  : System reset is completed.
15:31:06 INFO  : 'after 3000' command is executed.
15:31:06 INFO  : 'targets -set -filter {jtag_cable_name =~ "Digilent JTAG-HS2 2102599A2129" && level==0} -index 1' command is executed.
15:31:10 INFO  : FPGA configured successfully with bitstream "G:/Examples/GPIO_int_NEW/GPIO_int_NEW.sdk/hw_wrapper_hw_platform_0/hw_wrapper.bit"
15:31:10 INFO  : Context for 'APU' is selected.
15:31:10 INFO  : Hardware design information is loaded from 'G:/Examples/GPIO_int_NEW/GPIO_int_NEW.sdk/hw_wrapper_hw_platform_0/system.hdf'.
15:31:10 INFO  : 'configparams force-mem-access 1' command is executed.
15:31:10 INFO  : Context for 'APU' is selected.
15:31:10 INFO  : 'ps7_init' command is executed.
15:31:10 INFO  : 'ps7_post_config' command is executed.
15:31:10 INFO  : Context for processor 'ps7_cortexa9_0' is selected.
15:31:10 INFO  : The application 'G:/Examples/GPIO_int_NEW/GPIO_int_NEW.sdk/gpio/Debug/gpio.elf' is downloaded to processor 'ps7_cortexa9_0'.
15:31:10 INFO  : 'configparams force-mem-access 0' command is executed.
15:31:10 INFO  : ----------------XSDB Script----------------
connect -url tcp:127.0.0.1:3121
source G:/Examples/GPIO_int_NEW/GPIO_int_NEW.sdk/hw_wrapper_hw_platform_0/ps7_init.tcl
targets -set -nocase -filter {name =~"APU*" && jtag_cable_name =~ "Digilent JTAG-HS2 2102599A2129"} -index 0
rst -system
after 3000
targets -set -filter {jtag_cable_name =~ "Digilent JTAG-HS2 2102599A2129" && level==0} -index 1
fpga -file G:/Examples/GPIO_int_NEW/GPIO_int_NEW.sdk/hw_wrapper_hw_platform_0/hw_wrapper.bit
targets -set -nocase -filter {name =~"APU*" && jtag_cable_name =~ "Digilent JTAG-HS2 2102599A2129"} -index 0
loadhw -hw G:/Examples/GPIO_int_NEW/GPIO_int_NEW.sdk/hw_wrapper_hw_platform_0/system.hdf -mem-ranges [list {0x40000000 0xbfffffff}]
configparams force-mem-access 1
targets -set -nocase -filter {name =~"APU*" && jtag_cable_name =~ "Digilent JTAG-HS2 2102599A2129"} -index 0
ps7_init
ps7_post_config
targets -set -nocase -filter {name =~ "ARM*#0" && jtag_cable_name =~ "Digilent JTAG-HS2 2102599A2129"} -index 0
dow G:/Examples/GPIO_int_NEW/GPIO_int_NEW.sdk/gpio/Debug/gpio.elf
configparams force-mem-access 0
----------------End of Script----------------

15:31:11 INFO  : Context for processor 'ps7_cortexa9_0' is selected.
15:31:11 INFO  : 'con' command is executed.
15:31:11 INFO  : ----------------XSDB Script (After Launch)----------------
targets -set -nocase -filter {name =~ "ARM*#0" && jtag_cable_name =~ "Digilent JTAG-HS2 2102599A2129"} -index 0
con
----------------End of Script----------------

15:31:11 INFO  : Disconnected from the channel tcfchan#21.
15:33:36 INFO  : Connected to target on host '127.0.0.1' and port '3121'.
15:33:37 INFO  : Jtag cable 'Digilent JTAG-HS2 2102599A2129' is selected.
15:33:37 INFO  : 'jtag frequency' command is executed.
15:33:37 INFO  : Sourcing of 'G:/Examples/GPIO_int_NEW/GPIO_int_NEW.sdk/hw_wrapper_hw_platform_0/ps7_init.tcl' is done.
15:33:37 INFO  : Context for 'APU' is selected.
15:33:37 INFO  : System reset is completed.
15:33:40 INFO  : 'after 3000' command is executed.
15:33:41 INFO  : 'targets -set -filter {jtag_cable_name =~ "Digilent JTAG-HS2 2102599A2129" && level==0} -index 1' command is executed.
15:33:44 INFO  : FPGA configured successfully with bitstream "G:/Examples/GPIO_int_NEW/GPIO_int_NEW.sdk/hw_wrapper_hw_platform_0/hw_wrapper.bit"
15:33:44 INFO  : Context for 'APU' is selected.
15:33:47 INFO  : Hardware design information is loaded from 'G:/Examples/GPIO_int_NEW/GPIO_int_NEW.sdk/hw_wrapper_hw_platform_0/system.hdf'.
15:33:47 INFO  : 'configparams force-mem-access 1' command is executed.
15:33:47 INFO  : Context for 'APU' is selected.
15:33:47 INFO  : 'ps7_init' command is executed.
15:33:47 INFO  : 'ps7_post_config' command is executed.
15:33:47 INFO  : Context for processor 'ps7_cortexa9_0' is selected.
15:33:47 INFO  : The application 'G:/Examples/GPIO_int_NEW/GPIO_int_NEW.sdk/gpio/Debug/gpio.elf' is downloaded to processor 'ps7_cortexa9_0'.
15:33:47 INFO  : 'configparams force-mem-access 0' command is executed.
15:33:47 INFO  : ----------------XSDB Script----------------
connect -url tcp:127.0.0.1:3121
source G:/Examples/GPIO_int_NEW/GPIO_int_NEW.sdk/hw_wrapper_hw_platform_0/ps7_init.tcl
targets -set -nocase -filter {name =~"APU*" && jtag_cable_name =~ "Digilent JTAG-HS2 2102599A2129"} -index 0
rst -system
after 3000
targets -set -filter {jtag_cable_name =~ "Digilent JTAG-HS2 2102599A2129" && level==0} -index 1
fpga -file G:/Examples/GPIO_int_NEW/GPIO_int_NEW.sdk/hw_wrapper_hw_platform_0/hw_wrapper.bit
targets -set -nocase -filter {name =~"APU*" && jtag_cable_name =~ "Digilent JTAG-HS2 2102599A2129"} -index 0
loadhw -hw G:/Examples/GPIO_int_NEW/GPIO_int_NEW.sdk/hw_wrapper_hw_platform_0/system.hdf -mem-ranges [list {0x40000000 0xbfffffff}]
configparams force-mem-access 1
targets -set -nocase -filter {name =~"APU*" && jtag_cable_name =~ "Digilent JTAG-HS2 2102599A2129"} -index 0
ps7_init
ps7_post_config
targets -set -nocase -filter {name =~ "ARM*#0" && jtag_cable_name =~ "Digilent JTAG-HS2 2102599A2129"} -index 0
dow G:/Examples/GPIO_int_NEW/GPIO_int_NEW.sdk/gpio/Debug/gpio.elf
configparams force-mem-access 0
----------------End of Script----------------

15:33:47 INFO  : Context for processor 'ps7_cortexa9_0' is selected.
15:33:47 INFO  : 'con' command is executed.
15:33:47 INFO  : ----------------XSDB Script (After Launch)----------------
targets -set -nocase -filter {name =~ "ARM*#0" && jtag_cable_name =~ "Digilent JTAG-HS2 2102599A2129"} -index 0
con
----------------End of Script----------------

15:33:48 INFO  : Disconnected from the channel tcfchan#22.
15:35:30 INFO  : Registering command handlers for SDK TCF services
15:35:30 INFO  : Launching XSCT server: xsct.bat -interactive G:\OK_Module_DIR\GPIO\GPIO_int\GPIO_int_NEW.sdk\temp_xsdb_launch_script.tcl
15:35:33 INFO  : XSCT server has started successfully.
15:35:33 INFO  : Successfully done setting XSCT server connection channel  
15:35:33 INFO  : Processing command line option -hwspec G:/OK_Module_DIR/GPIO/GPIO_int/GPIO_int_NEW.sdk/hw_wrapper.hdf.
15:35:33 INFO  : Successfully done setting SDK workspace  
15:36:21 INFO  : Connected to target on host '127.0.0.1' and port '3121'.
15:36:22 INFO  : ----------------XSDB Script----------------
connect -url tcp:127.0.0.1:3121
----------------End of Script----------------

15:36:27 INFO  : Connected to target on host '127.0.0.1' and port '3121'.
15:36:36 INFO  : ----------------XSDB Script----------------
connect -url tcp:127.0.0.1:3121
----------------End of Script----------------

15:36:45 INFO  : Connected to target on host '127.0.0.1' and port '3121'.
15:36:45 INFO  : Jtag cable 'Digilent JTAG-HS2 2102599A2129' is selected.
15:36:45 INFO  : 'jtag frequency' command is executed.
15:36:45 INFO  : Sourcing of 'G:/OK_Module_DIR/GPIO/GPIO_int/GPIO_int_NEW.sdk/hw_wrapper_hw_platform_0/ps7_init.tcl' is done.
15:36:45 INFO  : Context for 'APU' is selected.
15:36:45 INFO  : System reset is completed.
15:36:48 INFO  : 'after 3000' command is executed.
15:36:48 INFO  : 'targets -set -filter {jtag_cable_name =~ "Digilent JTAG-HS2 2102599A2129" && level==0} -index 1' command is executed.
15:36:52 INFO  : FPGA configured successfully with bitstream "G:/OK_Module_DIR/GPIO/GPIO_int/GPIO_int_NEW.sdk/hw_wrapper_hw_platform_0/hw_wrapper.bit"
15:36:52 INFO  : Context for 'APU' is selected.
15:36:52 INFO  : Hardware design information is loaded from 'G:/OK_Module_DIR/GPIO/GPIO_int/GPIO_int_NEW.sdk/hw_wrapper_hw_platform_0/system.hdf'.
15:36:52 INFO  : 'configparams force-mem-access 1' command is executed.
15:36:52 INFO  : Context for 'APU' is selected.
15:36:52 INFO  : 'ps7_init' command is executed.
15:36:52 INFO  : 'ps7_post_config' command is executed.
15:36:52 INFO  : Context for processor 'ps7_cortexa9_0' is selected.
15:36:52 INFO  : The application 'G:/OK_Module_DIR/GPIO/GPIO_int/GPIO_int_NEW.sdk/gpio/Debug/gpio.elf' is downloaded to processor 'ps7_cortexa9_0'.
15:36:52 INFO  : 'configparams force-mem-access 0' command is executed.
15:36:52 INFO  : ----------------XSDB Script----------------
connect -url tcp:127.0.0.1:3121
source G:/OK_Module_DIR/GPIO/GPIO_int/GPIO_int_NEW.sdk/hw_wrapper_hw_platform_0/ps7_init.tcl
targets -set -nocase -filter {name =~"APU*" && jtag_cable_name =~ "Digilent JTAG-HS2 2102599A2129"} -index 0
rst -system
after 3000
targets -set -filter {jtag_cable_name =~ "Digilent JTAG-HS2 2102599A2129" && level==0} -index 1
fpga -file G:/OK_Module_DIR/GPIO/GPIO_int/GPIO_int_NEW.sdk/hw_wrapper_hw_platform_0/hw_wrapper.bit
targets -set -nocase -filter {name =~"APU*" && jtag_cable_name =~ "Digilent JTAG-HS2 2102599A2129"} -index 0
loadhw -hw G:/OK_Module_DIR/GPIO/GPIO_int/GPIO_int_NEW.sdk/hw_wrapper_hw_platform_0/system.hdf -mem-ranges [list {0x40000000 0xbfffffff}]
configparams force-mem-access 1
targets -set -nocase -filter {name =~"APU*" && jtag_cable_name =~ "Digilent JTAG-HS2 2102599A2129"} -index 0
ps7_init
ps7_post_config
targets -set -nocase -filter {name =~ "ARM*#0" && jtag_cable_name =~ "Digilent JTAG-HS2 2102599A2129"} -index 0
dow G:/OK_Module_DIR/GPIO/GPIO_int/GPIO_int_NEW.sdk/gpio/Debug/gpio.elf
configparams force-mem-access 0
----------------End of Script----------------

15:36:52 INFO  : Context for processor 'ps7_cortexa9_0' is selected.
15:36:53 INFO  : 'con' command is executed.
15:36:53 INFO  : ----------------XSDB Script (After Launch)----------------
targets -set -nocase -filter {name =~ "ARM*#0" && jtag_cable_name =~ "Digilent JTAG-HS2 2102599A2129"} -index 0
con
----------------End of Script----------------

15:36:53 INFO  : Disconnected from the channel tcfchan#1.
20:04:50 INFO  : Launching XSCT server: xsct.bat -interactive D:\All\Software\ZZ-Hardware\80-Vivado\01-PROJECT\0002-GPIO_int\GPIO_int_NEW.sdk\temp_xsdb_launch_script.tcl
20:04:53 INFO  : XSCT server has started successfully.
20:04:56 INFO  : Successfully done setting XSCT server connection channel  
20:04:56 INFO  : Successfully done setting SDK workspace  
20:05:02 INFO  : Registering command handlers for SDK TCF services
20:05:02 INFO  : Processing command line option -hwspec D:/All/Software/ZZ-Hardware/80-Vivado/01-PROJECT/0002-GPIO_int/GPIO_int_NEW.sdk/hw_wrapper.hdf.
